[2017-06-15 12:30:00.433] [INFO] repo - Read repository items: C:\Users\user\Documents\WebAppBuilderForArcGIS\client\stemapp\widgets
[2017-06-15 12:30:01.660] [INFO] app - Find 5 predfinded apps.
[2017-06-15 12:30:01.662] [INFO] repo - insert HTML.About
[2017-06-15 12:30:01.663] [INFO] repo - insert HTML.AddData
[2017-06-15 12:30:01.664] [INFO] repo - insert HTML.Analysis
[2017-06-15 12:30:01.665] [INFO] repo - insert HTML.AttributeTable
[2017-06-15 12:30:01.665] [INFO] repo - insert HTML.BasemapGallery
[2017-06-15 12:30:01.668] [INFO] repo - insert HTML.BatchAttributeEditor
[2017-06-15 12:30:01.669] [INFO] repo - insert HTML.Bookmark
[2017-06-15 12:30:01.671] [INFO] repo - insert HTML.Chart
[2017-06-15 12:30:01.671] [INFO] repo - insert HTML.Coordinate
[2017-06-15 12:30:01.673] [INFO] repo - insert HTML.Directions
[2017-06-15 12:30:01.674] [INFO] repo - insert HTML.DistrictLookup
[2017-06-15 12:30:01.675] [INFO] repo - insert HTML.Draw
[2017-06-15 12:30:01.676] [INFO] repo - insert HTML.Edit
[2017-06-15 12:30:01.677] [INFO] repo - insert HTML.ExtentNavigate
[2017-06-15 12:30:01.678] [INFO] repo - insert HTML.Filter
[2017-06-15 12:30:01.678] [INFO] repo - insert HTML.GeoLookup
[2017-06-15 12:30:01.679] [INFO] repo - insert HTML.Geoprocessing
[2017-06-15 12:30:01.680] [INFO] repo - insert HTML.GroupFilter
[2017-06-15 12:30:01.681] [INFO] repo - insert HTML.HomeButton
[2017-06-15 12:30:01.681] [INFO] repo - insert HTML.ImageMeasurement
[2017-06-15 12:30:01.682] [INFO] repo - insert HTML.IncidentAnalysis
[2017-06-15 12:30:01.683] [INFO] repo - insert HTML.InfoSummary
[2017-06-15 12:30:01.684] [INFO] repo - insert HTML.LayerList
[2017-06-15 12:30:01.684] [INFO] repo - insert HTML.Legend
[2017-06-15 12:30:01.685] [INFO] repo - insert HTML.Measurement
[2017-06-15 12:30:01.685] [INFO] repo - insert HTML.MyLocation
[2017-06-15 12:30:01.686] [INFO] repo - insert HTML.NearMe
[2017-06-15 12:30:01.686] [INFO] repo - insert HTML.ObliqueViewer
[2017-06-15 12:30:01.687] [INFO] repo - insert HTML.OverviewMap
[2017-06-15 12:30:01.688] [INFO] repo - insert HTML.Print
[2017-06-15 12:30:01.689] [INFO] repo - insert HTML.Query
[2017-06-15 12:30:01.689] [INFO] repo - insert HTML.RelatedTableCharts
[2017-06-15 12:30:01.690] [INFO] repo - insert HTML.ReportFeature
[2017-06-15 12:30:01.690] [INFO] repo - insert HTML.ReviewerDashboard
[2017-06-15 12:30:01.691] [INFO] repo - insert HTML.Scalebar
[2017-06-15 12:30:01.693] [INFO] repo - insert HTML.Search
[2017-06-15 12:30:01.694] [INFO] repo - insert HTML.Select
[2017-06-15 12:30:01.695] [INFO] repo - insert HTML.Share
[2017-06-15 12:30:01.696] [INFO] repo - insert HTML.SituationAwareness
[2017-06-15 12:30:01.697] [INFO] repo - insert HTML.SmartEditor
[2017-06-15 12:30:01.697] [INFO] repo - insert HTML.Splash
[2017-06-15 12:30:01.699] [INFO] repo - insert HTML.Stream
[2017-06-15 12:30:01.700] [INFO] repo - insert HTML.Summary
[2017-06-15 12:30:01.702] [INFO] repo - insert HTML.Swipe
[2017-06-15 12:30:01.702] [INFO] repo - insert HTML.TimeSlider
[2017-06-15 12:30:01.703] [INFO] repo - insert HTML.ZoomSlider
[2017-06-15 12:30:01.705] [INFO] repo - Read repository items: C:\Users\user\Documents\WebAppBuilderForArcGIS\client\stemapp\themes
[2017-06-15 12:30:02.067] [INFO] repo - insert HTML.BillboardTheme
[2017-06-15 12:30:02.068] [INFO] repo - insert HTML.BoxTheme
[2017-06-15 12:30:02.069] [INFO] repo - insert HTML.DartTheme
[2017-06-15 12:30:02.070] [INFO] repo - insert HTML.JewelryBoxTheme
[2017-06-15 12:30:02.071] [INFO] repo - insert HTML.LaunchpadTheme
[2017-06-15 12:30:02.071] [INFO] repo - insert HTML.PlateauTheme
[2017-06-15 12:30:02.072] [INFO] repo - insert HTML.FoldableTheme
[2017-06-15 12:30:02.073] [INFO] repo - insert HTML.TabTheme
[2017-06-15 12:30:02.073] [INFO] repo - Read repository items: C:\Users\user\Documents\WebAppBuilderForArcGIS\client\stemapp3d\widgets
[2017-06-15 12:30:02.519] [INFO] repo - insert HTML3D.3DFx
[2017-06-15 12:30:02.520] [INFO] repo - insert HTML3D.About
[2017-06-15 12:30:02.520] [INFO] repo - insert HTML3D.Compass
[2017-06-15 12:30:02.521] [INFO] repo - insert HTML3D.Environment
[2017-06-15 12:30:02.522] [INFO] repo - insert HTML3D.Navigate
[2017-06-15 12:30:02.522] [INFO] repo - insert HTML3D.MyLocation
[2017-06-15 12:30:02.523] [INFO] repo - insert HTML3D.Search
[2017-06-15 12:30:02.523] [INFO] repo - insert HTML3D.Slides
[2017-06-15 12:30:02.525] [INFO] repo - insert HTML3D.Splash
[2017-06-15 12:30:02.525] [INFO] repo - insert HTML3D.FullScreen
[2017-06-15 12:30:02.525] [INFO] repo - insert HTML3D.ZoomSlider
[2017-06-15 12:30:02.526] [INFO] repo - insert HTML3D.LayerList
[2017-06-15 12:30:02.527] [INFO] repo - insert HTML3D.Coordinate
[2017-06-15 12:30:02.528] [INFO] repo - insert HTML3D.Home
[2017-06-15 12:30:02.528] [INFO] repo - insert HTML3D.Legend
[2017-06-15 12:30:02.528] [INFO] repo - Read repository items: C:\Users\user\Documents\WebAppBuilderForArcGIS\client\stemapp3d\themes
[2017-06-15 12:30:02.770] [INFO] repo - insert HTML3D.BillboardTheme
[2017-06-15 12:30:02.771] [INFO] repo - insert HTML3D.BoxTheme
[2017-06-15 12:30:02.772] [INFO] repo - insert HTML3D.JewelryBoxTheme
[2017-06-15 12:30:02.772] [INFO] repo - insert HTML3D.DartTheme
[2017-06-15 12:30:02.773] [INFO] repo - insert HTML3D.FoldableTheme
[2017-06-15 12:30:02.774] [INFO] repo - insert HTML3D.TabTheme
[2017-06-15 12:30:02.775] [INFO] repo - insert HTML3D.LaunchpadTheme
[2017-06-15 12:30:03.799] [INFO] server - No token is found, redirect /webappbuilder to /webappbuilder?action=setportalurl
[2017-06-15 12:30:03.836] [INFO] server - Set isXT = true; /webappbuilder/stemapp/env.js
[2017-06-15 12:30:23.183] [INFO] server - Set isXT = true; /webappbuilder/stemapp/env.js
[2017-06-15 12:30:25.242] [INFO] server - Set isXT = true; /webappbuilder/stemapp/env.js
[2017-06-15 12:30:40.453] [DEBUG] utils - copy C:\Users\user\Documents\WebAppBuilderForArcGIS\client\stemapp\jimu.js
[2017-06-15 12:30:40.849] [DEBUG] utils - copy C:\Users\user\Documents\WebAppBuilderForArcGIS\client\stemapp\images
[2017-06-15 12:30:40.854] [DEBUG] utils - copy C:\Users\user\Documents\WebAppBuilderForArcGIS\client\stemapp\libs
[2017-06-15 12:30:40.872] [DEBUG] utils - copy C:\Users\user\Documents\WebAppBuilderForArcGIS\client\stemapp\index.html
[2017-06-15 12:30:40.873] [DEBUG] utils - copy C:\Users\user\Documents\WebAppBuilderForArcGIS\client\stemapp\env.js
[2017-06-15 12:30:40.874] [DEBUG] utils - copy C:\Users\user\Documents\WebAppBuilderForArcGIS\client\stemapp\simpleLoader.js
[2017-06-15 12:30:40.876] [DEBUG] utils - copy C:\Users\user\Documents\WebAppBuilderForArcGIS\client\stemapp\init.js
[2017-06-15 12:30:40.877] [DEBUG] utils - copy C:\Users\user\Documents\WebAppBuilderForArcGIS\client\stemapp\web.config
[2017-06-15 12:30:40.878] [DEBUG] utils - copy C:\Users\user\Documents\WebAppBuilderForArcGIS\client\stemapp\dynamic-modules
[2017-06-15 12:30:40.882] [DEBUG] utils - copy C:\Users\user\Documents\WebAppBuilderForArcGIS\client\stemapp\readme.html
[2017-06-15 12:30:40.883] [DEBUG] utils - copy C:\Users\user\Documents\WebAppBuilderForArcGIS\client\stemapp\config-readme.txt
[2017-06-15 12:30:40.884] [DEBUG] utils - copy C:\Users\user\Documents\WebAppBuilderForArcGIS\client\stemapp\configs
[2017-06-15 12:30:40.889] [DEBUG] utils - copy C:\Users\user\Documents\WebAppBuilderForArcGIS\client\stemapp\.jshintrc
[2017-06-15 12:30:40.890] [DEBUG] utils - copy C:\Users\user\Documents\WebAppBuilderForArcGIS\client\stemapp\.jshintignore
[2017-06-15 12:30:40.891] [DEBUG] utils - copy C:\Users\user\Documents\WebAppBuilderForArcGIS\client\stemapp\3rd-party-license.txt
[2017-06-15 12:30:40.907] [DEBUG] utils - copy C:\Users\user\Documents\WebAppBuilderForArcGIS\client\stemapp\themes\TabTheme
[2017-06-15 12:30:41.106] [DEBUG] utils - copy C:\Users\user\Documents\WebAppBuilderForArcGIS\client\stemapp\widgets\HomeButton
[2017-06-15 12:30:41.153] [DEBUG] utils - copy C:\Users\user\Documents\WebAppBuilderForArcGIS\client\stemapp\widgets\Scalebar
[2017-06-15 12:30:41.226] [DEBUG] utils - copy C:\Users\user\Documents\WebAppBuilderForArcGIS\client\stemapp\widgets\Search
[2017-06-15 12:30:41.306] [DEBUG] utils - copy C:\Users\user\Documents\WebAppBuilderForArcGIS\client\stemapp\widgets\Coordinate
[2017-06-15 12:30:41.388] [DEBUG] utils - copy C:\Users\user\Documents\WebAppBuilderForArcGIS\client\stemapp\widgets\LayerList
[2017-06-15 12:30:41.472] [DEBUG] utils - copy C:\Users\user\Documents\WebAppBuilderForArcGIS\client\stemapp\widgets\Legend
[2017-06-15 12:30:41.554] [DEBUG] utils - copy C:\Users\user\Documents\WebAppBuilderForArcGIS\client\stemapp\widgets\Measurement
[2017-06-15 12:30:41.624] [DEBUG] utils - copy C:\Users\user\Documents\WebAppBuilderForArcGIS\client\stemapp\widgets\OverviewMap
[2017-06-15 12:30:41.694] [DEBUG] utils - copy C:\Users\user\Documents\WebAppBuilderForArcGIS\client\stemapp\widgets\MyLocation
[2017-06-15 12:30:41.772] [DEBUG] utils - copy C:\Users\user\Documents\WebAppBuilderForArcGIS\client\stemapp\widgets\AttributeTable
[2017-06-15 12:30:41.873] [DEBUG] utils - copy C:\Users\user\Documents\WebAppBuilderForArcGIS\client\stemapp\widgets\Splash
[2017-06-15 12:30:41.966] [DEBUG] utils - copy C:\Users\user\Documents\WebAppBuilderForArcGIS\client\stemapp\widgets\ZoomSlider
[2017-06-15 12:30:42.000] [DEBUG] utils - copy C:\Users\user\Documents\WebAppBuilderForArcGIS\client\stemapp\widgets\ExtentNavigate
[2017-06-15 12:30:42.035] [DEBUG] utils - copy C:\Users\user\Documents\WebAppBuilderForArcGIS\client\stemapp\widgets\Query
[2017-06-15 12:30:42.137] [DEBUG] utils - copy C:\Users\user\Documents\WebAppBuilderForArcGIS\client\stemapp\widgets\Print
[2017-06-15 12:30:42.209] [INFO] app - App is imported. Name:[서울시_Smart Search]. New app [name is:서울시_Smart Search, id is:2]
[2017-06-15 12:30:50.073] [DEBUG] utils - copy C:\Users\user\Documents\WebAppBuilderForArcGIS\client\stemapp\jimu.js
[2017-06-15 12:30:50.416] [DEBUG] utils - copy C:\Users\user\Documents\WebAppBuilderForArcGIS\client\stemapp\images
[2017-06-15 12:30:50.422] [DEBUG] utils - copy C:\Users\user\Documents\WebAppBuilderForArcGIS\client\stemapp\libs
[2017-06-15 12:30:50.439] [DEBUG] utils - copy C:\Users\user\Documents\WebAppBuilderForArcGIS\client\stemapp\index.html
[2017-06-15 12:30:50.440] [DEBUG] utils - copy C:\Users\user\Documents\WebAppBuilderForArcGIS\client\stemapp\env.js
[2017-06-15 12:30:50.442] [DEBUG] utils - copy C:\Users\user\Documents\WebAppBuilderForArcGIS\client\stemapp\simpleLoader.js
[2017-06-15 12:30:50.443] [DEBUG] utils - copy C:\Users\user\Documents\WebAppBuilderForArcGIS\client\stemapp\init.js
[2017-06-15 12:30:50.444] [DEBUG] utils - copy C:\Users\user\Documents\WebAppBuilderForArcGIS\client\stemapp\web.config
[2017-06-15 12:30:50.446] [DEBUG] utils - copy C:\Users\user\Documents\WebAppBuilderForArcGIS\client\stemapp\dynamic-modules
[2017-06-15 12:30:50.449] [DEBUG] utils - copy C:\Users\user\Documents\WebAppBuilderForArcGIS\client\stemapp\readme.html
[2017-06-15 12:30:50.451] [DEBUG] utils - copy C:\Users\user\Documents\WebAppBuilderForArcGIS\client\stemapp\config-readme.txt
[2017-06-15 12:30:50.452] [DEBUG] utils - copy C:\Users\user\Documents\WebAppBuilderForArcGIS\client\stemapp\configs
[2017-06-15 12:30:50.457] [DEBUG] utils - copy C:\Users\user\Documents\WebAppBuilderForArcGIS\client\stemapp\.jshintrc
[2017-06-15 12:30:50.458] [DEBUG] utils - copy C:\Users\user\Documents\WebAppBuilderForArcGIS\client\stemapp\.jshintignore
[2017-06-15 12:30:50.459] [DEBUG] utils - copy C:\Users\user\Documents\WebAppBuilderForArcGIS\client\stemapp\3rd-party-license.txt
[2017-06-15 12:30:50.473] [DEBUG] utils - copy C:\Users\user\Documents\WebAppBuilderForArcGIS\client\stemapp\themes\TabTheme
[2017-06-15 12:30:50.639] [DEBUG] utils - copy C:\Users\user\Documents\WebAppBuilderForArcGIS\client\stemapp\widgets\HomeButton
[2017-06-15 12:30:50.681] [DEBUG] utils - copy C:\Users\user\Documents\WebAppBuilderForArcGIS\client\stemapp\widgets\Scalebar
[2017-06-15 12:30:50.750] [DEBUG] utils - copy C:\Users\user\Documents\WebAppBuilderForArcGIS\client\stemapp\widgets\Search
[2017-06-15 12:30:50.826] [DEBUG] utils - copy C:\Users\user\Documents\WebAppBuilderForArcGIS\client\stemapp\widgets\Coordinate
[2017-06-15 12:30:50.905] [DEBUG] utils - copy C:\Users\user\Documents\WebAppBuilderForArcGIS\client\stemapp\widgets\LayerList
[2017-06-15 12:30:51.003] [DEBUG] utils - copy C:\Users\user\Documents\WebAppBuilderForArcGIS\client\stemapp\widgets\Legend
[2017-06-15 12:30:51.073] [DEBUG] utils - copy C:\Users\user\Documents\WebAppBuilderForArcGIS\client\stemapp\widgets\Measurement
[2017-06-15 12:30:51.140] [DEBUG] utils - copy C:\Users\user\Documents\WebAppBuilderForArcGIS\client\stemapp\widgets\OverviewMap
[2017-06-15 12:30:51.211] [DEBUG] utils - copy C:\Users\user\Documents\WebAppBuilderForArcGIS\client\stemapp\widgets\MyLocation
[2017-06-15 12:30:51.286] [DEBUG] utils - copy C:\Users\user\Documents\WebAppBuilderForArcGIS\client\stemapp\widgets\AttributeTable
[2017-06-15 12:30:51.379] [DEBUG] utils - copy C:\Users\user\Documents\WebAppBuilderForArcGIS\client\stemapp\widgets\Splash
[2017-06-15 12:30:51.467] [DEBUG] utils - copy C:\Users\user\Documents\WebAppBuilderForArcGIS\client\stemapp\widgets\ZoomSlider
[2017-06-15 12:30:51.502] [DEBUG] utils - copy C:\Users\user\Documents\WebAppBuilderForArcGIS\client\stemapp\widgets\ExtentNavigate
[2017-06-15 12:30:51.545] [DEBUG] utils - copy C:\Users\user\Documents\WebAppBuilderForArcGIS\client\stemapp\widgets\Query
[2017-06-15 12:30:51.656] [DEBUG] utils - copy C:\Users\user\Documents\WebAppBuilderForArcGIS\client\stemapp\widgets\Print
[2017-06-15 12:30:51.724] [INFO] app - App is imported. Name:[부천시_Smart Search]. New app [name is:부천시_Smart Search, id is:3]
[2017-06-15 12:30:58.354] [DEBUG] utils - copy C:\Users\user\Documents\WebAppBuilderForArcGIS\client\stemapp\jimu.js
[2017-06-15 12:30:58.725] [DEBUG] utils - copy C:\Users\user\Documents\WebAppBuilderForArcGIS\client\stemapp\images
[2017-06-15 12:30:58.731] [DEBUG] utils - copy C:\Users\user\Documents\WebAppBuilderForArcGIS\client\stemapp\libs
[2017-06-15 12:30:58.749] [DEBUG] utils - copy C:\Users\user\Documents\WebAppBuilderForArcGIS\client\stemapp\index.html
[2017-06-15 12:30:58.750] [DEBUG] utils - copy C:\Users\user\Documents\WebAppBuilderForArcGIS\client\stemapp\env.js
[2017-06-15 12:30:58.751] [DEBUG] utils - copy C:\Users\user\Documents\WebAppBuilderForArcGIS\client\stemapp\simpleLoader.js
[2017-06-15 12:30:58.753] [DEBUG] utils - copy C:\Users\user\Documents\WebAppBuilderForArcGIS\client\stemapp\init.js
[2017-06-15 12:30:58.755] [DEBUG] utils - copy C:\Users\user\Documents\WebAppBuilderForArcGIS\client\stemapp\web.config
[2017-06-15 12:30:58.756] [DEBUG] utils - copy C:\Users\user\Documents\WebAppBuilderForArcGIS\client\stemapp\dynamic-modules
[2017-06-15 12:30:58.759] [DEBUG] utils - copy C:\Users\user\Documents\WebAppBuilderForArcGIS\client\stemapp\readme.html
[2017-06-15 12:30:58.760] [DEBUG] utils - copy C:\Users\user\Documents\WebAppBuilderForArcGIS\client\stemapp\config-readme.txt
[2017-06-15 12:30:58.761] [DEBUG] utils - copy C:\Users\user\Documents\WebAppBuilderForArcGIS\client\stemapp\configs
[2017-06-15 12:30:58.766] [DEBUG] utils - copy C:\Users\user\Documents\WebAppBuilderForArcGIS\client\stemapp\.jshintrc
[2017-06-15 12:30:58.767] [DEBUG] utils - copy C:\Users\user\Documents\WebAppBuilderForArcGIS\client\stemapp\.jshintignore
[2017-06-15 12:30:58.768] [DEBUG] utils - copy C:\Users\user\Documents\WebAppBuilderForArcGIS\client\stemapp\3rd-party-license.txt
[2017-06-15 12:30:58.779] [DEBUG] utils - copy C:\Users\user\Documents\WebAppBuilderForArcGIS\client\stemapp\themes\TabTheme
[2017-06-15 12:30:58.956] [DEBUG] utils - copy C:\Users\user\Documents\WebAppBuilderForArcGIS\client\stemapp\widgets\HomeButton
[2017-06-15 12:30:58.992] [DEBUG] utils - copy C:\Users\user\Documents\WebAppBuilderForArcGIS\client\stemapp\widgets\Scalebar
[2017-06-15 12:30:59.067] [DEBUG] utils - copy C:\Users\user\Documents\WebAppBuilderForArcGIS\client\stemapp\widgets\Search
[2017-06-15 12:30:59.144] [DEBUG] utils - copy C:\Users\user\Documents\WebAppBuilderForArcGIS\client\stemapp\widgets\Coordinate
[2017-06-15 12:30:59.225] [DEBUG] utils - copy C:\Users\user\Documents\WebAppBuilderForArcGIS\client\stemapp\widgets\LayerList
[2017-06-15 12:30:59.310] [DEBUG] utils - copy C:\Users\user\Documents\WebAppBuilderForArcGIS\client\stemapp\widgets\Legend
[2017-06-15 12:30:59.378] [DEBUG] utils - copy C:\Users\user\Documents\WebAppBuilderForArcGIS\client\stemapp\widgets\Measurement
[2017-06-15 12:30:59.448] [DEBUG] utils - copy C:\Users\user\Documents\WebAppBuilderForArcGIS\client\stemapp\widgets\OverviewMap
[2017-06-15 12:30:59.532] [DEBUG] utils - copy C:\Users\user\Documents\WebAppBuilderForArcGIS\client\stemapp\widgets\MyLocation
[2017-06-15 12:30:59.607] [DEBUG] utils - copy C:\Users\user\Documents\WebAppBuilderForArcGIS\client\stemapp\widgets\AttributeTable
[2017-06-15 12:30:59.697] [DEBUG] utils - copy C:\Users\user\Documents\WebAppBuilderForArcGIS\client\stemapp\widgets\Splash
[2017-06-15 12:30:59.783] [DEBUG] utils - copy C:\Users\user\Documents\WebAppBuilderForArcGIS\client\stemapp\widgets\ZoomSlider
[2017-06-15 12:30:59.819] [DEBUG] utils - copy C:\Users\user\Documents\WebAppBuilderForArcGIS\client\stemapp\widgets\ExtentNavigate
[2017-06-15 12:30:59.857] [DEBUG] utils - copy C:\Users\user\Documents\WebAppBuilderForArcGIS\client\stemapp\widgets\Query
[2017-06-15 12:30:59.974] [DEBUG] utils - copy C:\Users\user\Documents\WebAppBuilderForArcGIS\client\stemapp\widgets\Print
[2017-06-15 12:31:00.048] [INFO] app - App is imported. Name:[부산시_Smart Search]. New app [name is:부산시_Smart Search, id is:4]
